[0.398s] Invoking command in '/home/ac/ros2_ws/src/robot_arm': PYTHONPATH=/home/ac/ros2_ws/build/robot_arm/prefix_override:/usr/lib/python3/dist-packages/colcon_core/task/python/colcon_distutils_commands:/home/ac/ros2_ws/install/robot_arm/lib/python3.10/site-packages:${PYTHONPATH} /usr/bin/python3 -W ignore:setup.py install is deprecated setup.py egg_info --egg-base ../../build/robot_arm build --build-base /home/ac/ros2_ws/build/robot_arm/build install --record /home/ac/ros2_ws/build/robot_arm/install.log --single-version-externally-managed install_data
[0.498s] running egg_info
[0.498s] creating ../../build/robot_arm/robot_arm.egg-info
[0.499s] writing ../../build/robot_arm/robot_arm.egg-info/PKG-INFO
[0.499s] writing dependency_links to ../../build/robot_arm/robot_arm.egg-info/dependency_links.txt
[0.499s] writing entry points to ../../build/robot_arm/robot_arm.egg-info/entry_points.txt
[0.499s] writing requirements to ../../build/robot_arm/robot_arm.egg-info/requires.txt
[0.499s] writing top-level names to ../../build/robot_arm/robot_arm.egg-info/top_level.txt
[0.499s] writing manifest file '../../build/robot_arm/robot_arm.egg-info/SOURCES.txt'
[0.500s] reading manifest file '../../build/robot_arm/robot_arm.egg-info/SOURCES.txt'
[0.501s] writing manifest file '../../build/robot_arm/robot_arm.egg-info/SOURCES.txt'
[0.501s] running build
[0.501s] running build_py
[0.501s] creating /home/ac/ros2_ws/build/robot_arm/build
[0.501s] creating /home/ac/ros2_ws/build/robot_arm/build/lib
[0.501s] creating /home/ac/ros2_ws/build/robot_arm/build/lib/robot_arm
[0.501s] copying robot_arm/stepper_move.py -> /home/ac/ros2_ws/build/robot_arm/build/lib/robot_arm
[0.501s] copying robot_arm/__init__.py -> /home/ac/ros2_ws/build/robot_arm/build/lib/robot_arm
[0.501s] running install
[0.502s] running install_lib
[0.502s] creating /home/ac/ros2_ws/install/robot_arm/lib/python3.10/site-packages/robot_arm
[0.502s] copying /home/ac/ros2_ws/build/robot_arm/build/lib/robot_arm/stepper_move.py -> /home/ac/ros2_ws/install/robot_arm/lib/python3.10/site-packages/robot_arm
[0.502s] copying /home/ac/ros2_ws/build/robot_arm/build/lib/robot_arm/__init__.py -> /home/ac/ros2_ws/install/robot_arm/lib/python3.10/site-packages/robot_arm
[0.503s] byte-compiling /home/ac/ros2_ws/install/robot_arm/lib/python3.10/site-packages/robot_arm/stepper_move.py to stepper_move.cpython-310.pyc
[0.503s] byte-compiling /home/ac/ros2_ws/install/robot_arm/lib/python3.10/site-packages/robot_arm/__init__.py to __init__.cpython-310.pyc
[0.503s] running install_data
[0.503s] creating /home/ac/ros2_ws/install/robot_arm/share/ament_index
[0.503s] creating /home/ac/ros2_ws/install/robot_arm/share/ament_index/resource_index
[0.503s] creating /home/ac/ros2_ws/install/robot_arm/share/ament_index/resource_index/packages
[0.503s] copying resource/robot_arm -> /home/ac/ros2_ws/install/robot_arm/share/ament_index/resource_index/packages
[0.503s] copying package.xml -> /home/ac/ros2_ws/install/robot_arm/share/robot_arm
[0.503s] running install_egg_info
[0.504s] Copying ../../build/robot_arm/robot_arm.egg-info to /home/ac/ros2_ws/install/robot_arm/lib/python3.10/site-packages/robot_arm-0.0.0-py3.10.egg-info
[0.505s] running install_scripts
[0.515s] Installing stepper_move script to /home/ac/ros2_ws/install/robot_arm/lib/robot_arm
[0.516s] writing list of installed files to '/home/ac/ros2_ws/build/robot_arm/install.log'
[0.527s] Invoked command in '/home/ac/ros2_ws/src/robot_arm' returned '0': PYTHONPATH=/home/ac/ros2_ws/build/robot_arm/prefix_override:/usr/lib/python3/dist-packages/colcon_core/task/python/colcon_distutils_commands:/home/ac/ros2_ws/install/robot_arm/lib/python3.10/site-packages:${PYTHONPATH} /usr/bin/python3 -W ignore:setup.py install is deprecated setup.py egg_info --egg-base ../../build/robot_arm build --build-base /home/ac/ros2_ws/build/robot_arm/build install --record /home/ac/ros2_ws/build/robot_arm/install.log --single-version-externally-managed install_data
